2019-08-21 20:12:00  [ main:0 ] - [ WARN ]  {} - idleTimeout has been set but has no effect because the pool is operating as a fixed size pool.
2019-08-21 20:12:00  [ main:14 ] - [ INFO ]  HikariPool-1 - Starting...
2019-08-21 20:12:00  [ main:61 ] - [ WARN ]  Registered driver with driverClassName=com.mysql.jdbc.Driver was not found, trying direct instantiation.
2019-08-21 20:12:01  [ main:1247 ] - [ INFO ]  HikariPool-1 - Start completed.
2019-08-21 20:12:01  [ main:1322 ] - [ ERROR ]  Unknown column 'name' in 'field list'
2019-08-21 20:12:54  [ main:0 ] - [ WARN ]  {} - idleTimeout has been set but has no effect because the pool is operating as a fixed size pool.
2019-08-21 20:12:54  [ main:22 ] - [ INFO ]  HikariPool-1 - Starting...
2019-08-21 20:12:54  [ main:58 ] - [ WARN ]  Registered driver with driverClassName=com.mysql.jdbc.Driver was not found, trying direct instantiation.
2019-08-21 20:12:55  [ main:1506 ] - [ INFO ]  HikariPool-1 - Start completed.
2019-08-21 20:14:23  [ main:0 ] - [ WARN ]  {} - idleTimeout has been set but has no effect because the pool is operating as a fixed size pool.
2019-08-21 20:14:23  [ main:51 ] - [ INFO ]  HikariPool-1 - Starting...
2019-08-21 20:14:23  [ main:84 ] - [ WARN ]  Registered driver with driverClassName=com.mysql.jdbc.Driver was not found, trying direct instantiation.
2019-08-21 20:14:24  [ main:1749 ] - [ INFO ]  HikariPool-1 - Start completed.
2019-08-21 20:15:19  [ main:0 ] - [ WARN ]  {} - idleTimeout has been set but has no effect because the pool is operating as a fixed size pool.
2019-08-21 20:15:19  [ main:22 ] - [ INFO ]  HikariPool-1 - Starting...
2019-08-21 20:15:19  [ main:57 ] - [ WARN ]  Registered driver with driverClassName=com.mysql.jdbc.Driver was not found, trying direct instantiation.
2019-08-21 20:15:20  [ main:1567 ] - [ INFO ]  HikariPool-1 - Start completed.
2019-08-21 20:19:52  [ main:0 ] - [ WARN ]  {} - idleTimeout has been set but has no effect because the pool is operating as a fixed size pool.
2019-08-21 20:19:52  [ main:22 ] - [ INFO ]  HikariPool-1 - Starting...
2019-08-21 20:19:52  [ main:61 ] - [ WARN ]  Registered driver with driverClassName=com.mysql.jdbc.Driver was not found, trying direct instantiation.
2019-08-21 20:19:54  [ main:1453 ] - [ INFO ]  HikariPool-1 - Start completed.
2019-08-21 20:21:19  [ main:0 ] - [ WARN ]  {} - idleTimeout has been set but has no effect because the pool is operating as a fixed size pool.
2019-08-21 20:21:19  [ main:23 ] - [ INFO ]  HikariPool-1 - Starting...
2019-08-21 20:21:19  [ main:57 ] - [ WARN ]  Registered driver with driverClassName=com.mysql.jdbc.Driver was not found, trying direct instantiation.
2019-08-21 20:21:20  [ main:1458 ] - [ INFO ]  HikariPool-1 - Start completed.
2019-08-21 20:25:09  [ main:0 ] - [ WARN ]  {} - idleTimeout has been set but has no effect because the pool is operating as a fixed size pool.
2019-08-21 20:25:09  [ main:34 ] - [ INFO ]  HikariPool-1 - Starting...
2019-08-21 20:25:09  [ main:82 ] - [ WARN ]  Registered driver with driverClassName=com.mysql.jdbc.Driver was not found, trying direct instantiation.
2019-08-21 20:25:10  [ main:1505 ] - [ INFO ]  HikariPool-1 - Start completed.
2019-08-21 20:36:22  [ main:0 ] - [ WARN ]  {} - idleTimeout has been set but has no effect because the pool is operating as a fixed size pool.
2019-08-21 20:36:22  [ main:6 ] - [ INFO ]  HikariPool-1 - Starting...
2019-08-21 20:36:22  [ main:12 ] - [ WARN ]  Registered driver with driverClassName=com.mysql.jdbc.Driver was not found, trying direct instantiation.
2019-08-21 20:36:22  [ main:339 ] - [ INFO ]  HikariPool-1 - Start completed.
