2019-06-21 11:04:33  [ main:21173 ] - [ ERROR ]  get config error
org.apache.zookeeper.KeeperException$ConnectionLossException: KeeperErrorCode = ConnectionLoss for /conf_yunlu.bde/conf_yunlu.bde/url
	at org.apache.zookeeper.KeeperException.create(KeeperException.java:102)
	at org.apache.zookeeper.KeeperException.create(KeeperException.java:54)
	at org.apache.zookeeper.ZooKeeper.exists(ZooKeeper.java:1105)
	at org.apache.zookeeper.ZooKeeper.exists(ZooKeeper.java:1133)
	at config.ZKConfig.get(ZKConfig.java:82)
	at config.ConfigClient.get(ConfigClient.java:238)
	at config.ConfigClient.config(ConfigClient.java:221)
	at config.ConfigClient.get(ConfigClient.java:237)
	at config.ConfigClient.config(ConfigClient.java:221)
	at config.ConfigClient.get(ConfigClient.java:266)
	at Utils.JedisMultiCluster.createCluster(JedisMultiCluster.java:84)
	at Utils.JedisMultiCluster.getCluster(JedisMultiCluster.java:32)
	at Utils.JedisMultiCluster.getJedis(JedisMultiCluster.java:114)
	at Utils.JedisMultiCluster.getJedis(JedisMultiCluster.java:103)
	at Utils.RedisUtil.insertUrlToSet(RedisUtil.java:18)
	at parse.news.toRedis.CcoalnewsToRedis.newsList(CcoalnewsParseToRedis.java:45)
	at parse.news.toRedis.CcoalnewsToRedis.getUrlStart(CcoalnewsParseToRedis.java:29)
	at parse.news.ccoalnews.CcoalnewsMainEntry.main(CcoalnewsMainEntry.java:18)
2019-06-21 11:04:55  [ main:43262 ] - [ ERROR ]  get config error
org.apache.zookeeper.KeeperException$ConnectionLossException: KeeperErrorCode = ConnectionLoss for /conf_yunlu.bde/conf_yunlu.bde/url
	at org.apache.zookeeper.KeeperException.create(KeeperException.java:102)
	at org.apache.zookeeper.KeeperException.create(KeeperException.java:54)
	at org.apache.zookeeper.ZooKeeper.exists(ZooKeeper.java:1105)
	at org.apache.zookeeper.ZooKeeper.exists(ZooKeeper.java:1133)
	at config.ZKConfig.get(ZKConfig.java:82)
	at config.ConfigClient.get(ConfigClient.java:238)
	at config.ConfigClient.config(ConfigClient.java:221)
	at config.ConfigClient.get(ConfigClient.java:266)
	at Utils.JedisMultiCluster.createCluster(JedisMultiCluster.java:84)
	at Utils.JedisMultiCluster.getCluster(JedisMultiCluster.java:32)
	at Utils.JedisMultiCluster.getJedis(JedisMultiCluster.java:114)
	at Utils.JedisMultiCluster.getJedis(JedisMultiCluster.java:103)
	at Utils.RedisUtil.insertUrlToSet(RedisUtil.java:18)
	at parse.news.toRedis.CcoalnewsToRedis.newsList(CcoalnewsParseToRedis.java:45)
	at parse.news.toRedis.CcoalnewsToRedis.getUrlStart(CcoalnewsParseToRedis.java:29)
	at parse.news.ccoalnews.CcoalnewsMainEntry.main(CcoalnewsMainEntry.java:18)
2019-06-21 11:05:50  [ main:21423 ] - [ ERROR ]  get config error
org.apache.zookeeper.KeeperException$ConnectionLossException: KeeperErrorCode = ConnectionLoss for /conf_yunlu.bde/conf_yunlu.bde/url
	at org.apache.zookeeper.KeeperException.create(KeeperException.java:102)
	at org.apache.zookeeper.KeeperException.create(KeeperException.java:54)
	at org.apache.zookeeper.ZooKeeper.exists(ZooKeeper.java:1105)
	at org.apache.zookeeper.ZooKeeper.exists(ZooKeeper.java:1133)
	at config.ZKConfig.get(ZKConfig.java:82)
	at config.ConfigClient.get(ConfigClient.java:238)
	at config.ConfigClient.config(ConfigClient.java:221)
	at config.ConfigClient.get(ConfigClient.java:237)
	at config.ConfigClient.config(ConfigClient.java:221)
	at config.ConfigClient.get(ConfigClient.java:266)
	at Utils.JedisMultiCluster.createCluster(JedisMultiCluster.java:84)
	at Utils.JedisMultiCluster.getCluster(JedisMultiCluster.java:32)
	at Utils.JedisMultiCluster.getJedis(JedisMultiCluster.java:114)
	at Utils.JedisMultiCluster.getJedis(JedisMultiCluster.java:103)
	at Utils.RedisUtil.insertUrlToSet(RedisUtil.java:18)
	at parse.news.toRedis.CcoalnewsToRedis.newsList(CcoalnewsParseToRedis.java:45)
	at parse.news.toRedis.CcoalnewsToRedis.getUrlStart(CcoalnewsParseToRedis.java:29)
	at parse.news.ccoalnews.CcoalnewsMainEntry.main(CcoalnewsMainEntry.java:18)
